<?xml version="1.0" encoding="UTF-8"?>
<coverage generated="1747129063343" clover="3.2.0">
  <project timestamp="1747129063343" name="All files">
    <metrics statements="32" coveredstatements="32" conditionals="7" coveredconditionals="3" methods="7" coveredmethods="7" elements="46" coveredelements="42" complexity="0" loc="32" ncloc="32" packages="1" files="3" classes="3"/>
    <file name="server.ts" path="/Users/marcmartin/Documents/Cours/tests-from-scratch/packages/node/src/server.ts">
      <metrics statements="9" coveredstatements="9" conditionals="6" coveredconditionals="2" methods="2" coveredmethods="2"/>
      <line num="1" count="2" type="stmt"/>
      <line num="2" count="2" type="stmt"/>
      <line num="5" count="2" type="stmt"/>
      <line num="8" count="2" type="stmt"/>
      <line num="11" count="2" type="stmt"/>
      <line num="14" count="2" type="stmt"/>
      <line num="16" count="1" type="cond" truecount="1" falsecount="1"/>
      <line num="21" count="1" type="stmt"/>
      <line num="22" count="1" type="stmt"/>
    </file>
    <file name="users.ts" path="/Users/marcmartin/Documents/Cours/tests-from-scratch/packages/node/src/users.ts">
      <metrics statements="12" coveredstatements="12" conditionals="1" coveredconditionals="1" methods="2" coveredmethods="2"/>
      <line num="2" count="2" type="stmt"/>
      <line num="3" count="2" type="stmt"/>
      <line num="5" count="2" type="stmt"/>
      <line num="11" count="2" type="stmt"/>
      <line num="12" count="4" type="stmt"/>
      <line num="20" count="2" type="stmt"/>
      <line num="21" count="9" type="stmt"/>
      <line num="22" count="9" type="cond" truecount="1" falsecount="0"/>
      <line num="23" count="2" type="stmt"/>
      <line num="25" count="7" type="stmt"/>
      <line num="26" count="7" type="stmt"/>
      <line num="29" count="2" type="stmt"/>
    </file>
    <file name="usersStore.ts" path="/Users/marcmartin/Documents/Cours/tests-from-scratch/packages/node/src/usersStore.ts">
      <metrics statements="11" coveredstatements="11" conditionals="0" coveredconditionals="0" methods="3" coveredmethods="3"/>
      <line num="6" count="2" type="stmt"/>
      <line num="7" count="2" type="stmt"/>
      <line num="11" count="2" type="stmt"/>
      <line num="12" count="4" type="stmt"/>
      <line num="17" count="2" type="stmt"/>
      <line num="18" count="7" type="stmt"/>
      <line num="19" count="7" type="stmt"/>
      <line num="20" count="7" type="stmt"/>
      <line num="26" count="2" type="stmt"/>
      <line num="27" count="7" type="stmt"/>
      <line num="28" count="7" type="stmt"/>
    </file>
  </project>
</coverage>
