{"/Users/marcmartin/Documents/Cours/tests_projects/packages/node/__tests__/fixtures.ts": {"path":"/Users/marcmartin/Documents/Cours/tests_projects/packages/node/__tests__/fixtures.ts","statementMap":{"0":{"start":{"line":3,"column":13},"end":{"line":3,"column":52}},"1":{"start":{"line":4,"column":13},"end":{"line":4,"column":48}},"2":{"start":{"line":6,"column":13},"end":{"line":6,"column":49}}},"fnMap":{},"branchMap":{},"s":{"0":1,"1":1,"2":1},"f":{},"b":{}}
,"/Users/marcmartin/Documents/Cours/tests_projects/packages/node/src/externalApi.ts": {"path":"/Users/marcmartin/Documents/Cours/tests_projects/packages/node/src/externalApi.ts","statementMap":{"0":{"start":{"line":3,"column":0},"end":{"line":3,"column":7}},"1":{"start":{"line":6,"column":0},"end":{"line":6,"column":44}}},"fnMap":{"0":{"name":"fetchUserData","decl":{"start":{"line":3,"column":22},"end":{"line":3,"column":35}},"loc":{"start":{"line":3,"column":46},"end":{"line":7,"column":1}}}},"branchMap":{},"s":{"0":1,"1":0},"f":{"0":0},"b":{}}
,"/Users/marcmartin/Documents/Cours/tests_projects/packages/node/src/server.ts": {"path":"/Users/marcmartin/Documents/Cours/tests_projects/packages/node/src/server.ts","statementMap":{"0":{"start":{"line":1,"column":0},"end":{"line":1,"column":30}},"1":{"start":{"line":2,"column":0},"end":{"line":2,"column":34}},"2":{"start":{"line":5,"column":13},"end":{"line":5,"column":29}},"3":{"start":{"line":8,"column":0},"end":{"line":8,"column":24}},"4":{"start":{"line":11,"column":0},"end":{"line":11,"column":31}},"5":{"start":{"line":14,"column":27},"end":{"line":18,"column":1}},"6":{"start":{"line":15,"column":2},"end":{"line":17,"column":5}},"7":{"start":{"line":16,"column":4},"end":{"line":16,"column":50}},"8":{"start":{"line":14,"column":13},"end":{"line":14,"column":27}},"9":{"start":{"line":21,"column":0},"end":{"line":23,"column":1}},"10":{"start":{"line":22,"column":2},"end":{"line":22,"column":16}}},"fnMap":{"0":{"name":"(anonymous_1)","decl":{"start":{"line":14,"column":27},"end":{"line":14,"column":28}},"loc":{"start":{"line":14,"column":43},"end":{"line":18,"column":1}}},"1":{"name":"(anonymous_2)","decl":{"start":{"line":15,"column":26},"end":{"line":15,"column":29}},"loc":{"start":{"line":15,"column":31},"end":{"line":17,"column":3}}}},"branchMap":{"0":{"loc":{"start":{"line":14,"column":28},"end":{"line":14,"column":39}},"type":"default-arg","locations":[{"start":{"line":14,"column":35},"end":{"line":14,"column":39}}]},"1":{"loc":{"start":{"line":21,"column":0},"end":{"line":23,"column":1}},"type":"if","locations":[{"start":{"line":21,"column":0},"end":{"line":23,"column":1}}]}},"s":{"0":3,"1":3,"2":3,"3":3,"4":3,"5":3,"6":1,"7":1,"8":3,"9":3,"10":0},"f":{"0":1,"1":1},"b":{"0":[0],"1":[0]}}
,"/Users/marcmartin/Documents/Cours/tests_projects/packages/node/src/users.ts": {"path":"/Users/marcmartin/Documents/Cours/tests_projects/packages/node/src/users.ts","statementMap":{"0":{"start":{"line":1,"column":0},"end":{"line":1,"column":33}},"1":{"start":{"line":2,"column":0},"end":{"line":2,"column":81}},"2":{"start":{"line":4,"column":15},"end":{"line":4,"column":23}},"3":{"start":{"line":7,"column":0},"end":{"line":9,"column":3}},"4":{"start":{"line":8,"column":2},"end":{"line":8,"column":35}},"5":{"start":{"line":12,"column":0},"end":{"line":19,"column":3}},"6":{"start":{"line":13,"column":19},"end":{"line":13,"column":27}},"7":{"start":{"line":14,"column":2},"end":{"line":16,"column":3}},"8":{"start":{"line":15,"column":4},"end":{"line":15,"column":63}},"9":{"start":{"line":17,"column":15},"end":{"line":17,"column":31}},"10":{"start":{"line":18,"column":2},"end":{"line":18,"column":36}},"11":{"start":{"line":22,"column":0},"end":{"line":27,"column":3}},"12":{"start":{"line":23,"column":13},"end":{"line":23,"column":34}},"13":{"start":{"line":24,"column":15},"end":{"line":24,"column":30}},"14":{"start":{"line":25,"column":2},"end":{"line":25,"column":70}},"15":{"start":{"line":25,"column":13},"end":{"line":25,"column":70}},"16":{"start":{"line":26,"column":2},"end":{"line":26,"column":29}},"17":{"start":{"line":30,"column":0},"end":{"line":37,"column":3}},"18":{"start":{"line":31,"column":13},"end":{"line":31,"column":34}},"19":{"start":{"line":32,"column":19},"end":{"line":32,"column":27}},"20":{"start":{"line":33,"column":2},"end":{"line":33,"column":72}},"21":{"start":{"line":33,"column":13},"end":{"line":33,"column":72}},"22":{"start":{"line":34,"column":18},"end":{"line":34,"column":42}},"23":{"start":{"line":35,"column":2},"end":{"line":35,"column":73}},"24":{"start":{"line":35,"column":16},"end":{"line":35,"column":73}},"25":{"start":{"line":36,"column":2},"end":{"line":36,"column":32}},"26":{"start":{"line":39,"column":0},"end":{"line":39,"column":22}}},"fnMap":{"0":{"name":"(anonymous_0)","decl":{"start":{"line":7,"column":16},"end":{"line":7,"column":17}},"loc":{"start":{"line":7,"column":30},"end":{"line":9,"column":1}}},"1":{"name":"(anonymous_1)","decl":{"start":{"line":12,"column":17},"end":{"line":12,"column":18}},"loc":{"start":{"line":12,"column":40},"end":{"line":19,"column":1}}},"2":{"name":"(anonymous_2)","decl":{"start":{"line":22,"column":19},"end":{"line":22,"column":20}},"loc":{"start":{"line":22,"column":42},"end":{"line":27,"column":1}}},"3":{"name":"(anonymous_3)","decl":{"start":{"line":30,"column":19},"end":{"line":30,"column":20}},"loc":{"start":{"line":30,"column":42},"end":{"line":37,"column":1}}}},"branchMap":{"0":{"loc":{"start":{"line":14,"column":2},"end":{"line":16,"column":3}},"type":"if","locations":[{"start":{"line":14,"column":2},"end":{"line":16,"column":3}}]},"1":{"loc":{"start":{"line":25,"column":2},"end":{"line":25,"column":70}},"type":"if","locations":[{"start":{"line":25,"column":2},"end":{"line":25,"column":70}}]},"2":{"loc":{"start":{"line":33,"column":2},"end":{"line":33,"column":72}},"type":"if","locations":[{"start":{"line":33,"column":2},"end":{"line":33,"column":72}}]},"3":{"loc":{"start":{"line":35,"column":2},"end":{"line":35,"column":73}},"type":"if","locations":[{"start":{"line":35,"column":2},"end":{"line":35,"column":73}}]}},"s":{"0":3,"1":3,"2":3,"3":3,"4":4,"5":3,"6":9,"7":9,"8":2,"9":7,"10":7,"11":3,"12":3,"13":3,"14":3,"15":1,"16":2,"17":3,"18":3,"19":3,"20":3,"21":1,"22":2,"23":2,"24":1,"25":1,"26":3},"f":{"0":4,"1":9,"2":3,"3":3},"b":{"0":[2],"1":[1],"2":[1],"3":[1]}}
,"/Users/marcmartin/Documents/Cours/tests_projects/packages/node/src/usersStore.ts": {"path":"/Users/marcmartin/Documents/Cours/tests_projects/packages/node/src/usersStore.ts","statementMap":{"0":{"start":{"line":11,"column":0},"end":{"line":11,"column":16}},"1":{"start":{"line":17,"column":0},"end":{"line":17,"column":16}},"2":{"start":{"line":26,"column":0},"end":{"line":26,"column":16}},"3":{"start":{"line":31,"column":0},"end":{"line":31,"column":16}},"4":{"start":{"line":34,"column":0},"end":{"line":34,"column":16}},"5":{"start":{"line":6,"column":20},"end":{"line":6,"column":22}},"6":{"start":{"line":7,"column":13},"end":{"line":7,"column":14}},"7":{"start":{"line":12,"column":0},"end":{"line":12,"column":13}},"8":{"start":{"line":18,"column":13},"end":{"line":18,"column":35}},"9":{"start":{"line":19,"column":0},"end":{"line":19,"column":17}},"10":{"start":{"line":20,"column":0},"end":{"line":20,"column":12}},"11":{"start":{"line":27,"column":0},"end":{"line":27,"column":11}},"12":{"start":{"line":28,"column":0},"end":{"line":28,"column":11}},"13":{"start":{"line":32,"column":0},"end":{"line":32,"column":36}},"14":{"start":{"line":32,"column":23},"end":{"line":32,"column":34}},"15":{"start":{"line":35,"column":13},"end":{"line":35,"column":28}},"16":{"start":{"line":36,"column":0},"end":{"line":39,"column":1}},"17":{"start":{"line":38,"column":0},"end":{"line":38,"column":17}},"18":{"start":{"line":40,"column":0},"end":{"line":40,"column":12}}},"fnMap":{"0":{"name":"getUsers","decl":{"start":{"line":11,"column":16},"end":{"line":11,"column":24}},"loc":{"start":{"line":11,"column":24},"end":{"line":13,"column":1}}},"1":{"name":"createUser","decl":{"start":{"line":17,"column":16},"end":{"line":17,"column":26}},"loc":{"start":{"line":17,"column":39},"end":{"line":21,"column":1}}},"2":{"name":"resetStore","decl":{"start":{"line":26,"column":16},"end":{"line":26,"column":26}},"loc":{"start":{"line":26,"column":26},"end":{"line":29,"column":1}}},"3":{"name":"getUserById","decl":{"start":{"line":31,"column":16},"end":{"line":31,"column":27}},"loc":{"start":{"line":31,"column":38},"end":{"line":33,"column":1}}},"4":{"name":"(anonymous_4)","decl":{"start":{"line":32,"column":18},"end":{"line":32,"column":19}},"loc":{"start":{"line":32,"column":23},"end":{"line":32,"column":34}}},"5":{"name":"updateUserName","decl":{"start":{"line":34,"column":16},"end":{"line":34,"column":30}},"loc":{"start":{"line":34,"column":55},"end":{"line":41,"column":1}}}},"branchMap":{"0":{"loc":{"start":{"line":36,"column":0},"end":{"line":39,"column":1}},"type":"if","locations":[{"start":{"line":36,"column":0},"end":{"line":39,"column":1}}]}},"s":{"0":3,"1":3,"2":3,"3":3,"4":3,"5":3,"6":3,"7":4,"8":19,"9":19,"10":19,"11":13,"12":13,"13":5,"14":9,"15":2,"16":2,"17":1,"18":2},"f":{"0":4,"1":19,"2":13,"3":5,"4":9,"5":2},"b":{"0":[1]}}
}
