{"/Users/marcmartin/Documents/Cours/tests-from-scratch/packages/node/src/server.ts": {"path":"/Users/marcmartin/Documents/Cours/tests-from-scratch/packages/node/src/server.ts","statementMap":{"0":{"start":{"line":1,"column":0},"end":{"line":1,"column":30}},"1":{"start":{"line":2,"column":0},"end":{"line":2,"column":34}},"2":{"start":{"line":5,"column":13},"end":{"line":5,"column":29}},"3":{"start":{"line":8,"column":0},"end":{"line":8,"column":24}},"4":{"start":{"line":11,"column":0},"end":{"line":11,"column":31}},"5":{"start":{"line":14,"column":27},"end":{"line":24,"column":1}},"6":{"start":{"line":16,"column":21},"end":{"line":18,"column":60}},"7":{"start":{"line":21,"column":2},"end":{"line":23,"column":5}},"8":{"start":{"line":22,"column":4},"end":{"line":22,"column":56}},"9":{"start":{"line":14,"column":13},"end":{"line":14,"column":27}}},"fnMap":{"0":{"name":"(anonymous_1)","decl":{"start":{"line":14,"column":27},"end":{"line":14,"column":28}},"loc":{"start":{"line":14,"column":54},"end":{"line":24,"column":1}}},"1":{"name":"(anonymous_2)","decl":{"start":{"line":21,"column":32},"end":{"line":21,"column":35}},"loc":{"start":{"line":21,"column":37},"end":{"line":23,"column":3}}}},"branchMap":{"0":{"loc":{"start":{"line":16,"column":21},"end":{"line":18,"column":60}},"type":"cond-expr","locations":[{"start":{"line":17,"column":7},"end":{"line":17,"column":63}},{"start":{"line":18,"column":7},"end":{"line":18,"column":59}}]},"1":{"loc":{"start":{"line":17,"column":7},"end":{"line":17,"column":63}},"type":"cond-expr","locations":[{"start":{"line":17,"column":26},"end":{"line":17,"column":56}},{"start":{"line":17,"column":59},"end":{"line":17,"column":63}}]},"2":{"loc":{"start":{"line":18,"column":7},"end":{"line":18,"column":59}},"type":"cond-expr","locations":[{"start":{"line":18,"column":34},"end":{"line":18,"column":52}},{"start":{"line":18,"column":55},"end":{"line":18,"column":59}}]}},"s":{"0":2,"1":2,"2":2,"3":2,"4":2,"5":2,"6":1,"7":1,"8":1,"9":2},"f":{"0":1,"1":1},"b":{"0":[0,1],"1":[0,0],"2":[0,1]}}
,"/Users/marcmartin/Documents/Cours/tests-from-scratch/packages/node/src/users.ts": {"path":"/Users/marcmartin/Documents/Cours/tests-from-scratch/packages/node/src/users.ts","statementMap":{"0":{"start":{"line":2,"column":0},"end":{"line":2,"column":42}},"1":{"start":{"line":3,"column":0},"end":{"line":3,"column":52}},"2":{"start":{"line":5,"column":15},"end":{"line":5,"column":23}},"3":{"start":{"line":11,"column":0},"end":{"line":13,"column":3}},"4":{"start":{"line":12,"column":2},"end":{"line":12,"column":35}},"5":{"start":{"line":20,"column":0},"end":{"line":27,"column":3}},"6":{"start":{"line":21,"column":19},"end":{"line":21,"column":27}},"7":{"start":{"line":22,"column":2},"end":{"line":24,"column":3}},"8":{"start":{"line":23,"column":4},"end":{"line":23,"column":63}},"9":{"start":{"line":25,"column":15},"end":{"line":25,"column":31}},"10":{"start":{"line":26,"column":2},"end":{"line":26,"column":36}},"11":{"start":{"line":29,"column":0},"end":{"line":29,"column":22}}},"fnMap":{"0":{"name":"(anonymous_0)","decl":{"start":{"line":11,"column":16},"end":{"line":11,"column":17}},"loc":{"start":{"line":11,"column":30},"end":{"line":13,"column":1}}},"1":{"name":"(anonymous_1)","decl":{"start":{"line":20,"column":17},"end":{"line":20,"column":18}},"loc":{"start":{"line":20,"column":40},"end":{"line":27,"column":1}}}},"branchMap":{"0":{"loc":{"start":{"line":22,"column":2},"end":{"line":24,"column":3}},"type":"if","locations":[{"start":{"line":22,"column":2},"end":{"line":24,"column":3}}]}},"s":{"0":2,"1":2,"2":2,"3":2,"4":4,"5":2,"6":9,"7":9,"8":2,"9":7,"10":7,"11":2},"f":{"0":4,"1":9},"b":{"0":[2]}}
,"/Users/marcmartin/Documents/Cours/tests-from-scratch/packages/node/src/usersStore.ts": {"path":"/Users/marcmartin/Documents/Cours/tests-from-scratch/packages/node/src/usersStore.ts","statementMap":{"0":{"start":{"line":11,"column":0},"end":{"line":11,"column":16}},"1":{"start":{"line":17,"column":0},"end":{"line":17,"column":16}},"2":{"start":{"line":26,"column":0},"end":{"line":26,"column":16}},"3":{"start":{"line":6,"column":20},"end":{"line":6,"column":22}},"4":{"start":{"line":7,"column":13},"end":{"line":7,"column":14}},"5":{"start":{"line":12,"column":0},"end":{"line":12,"column":13}},"6":{"start":{"line":18,"column":13},"end":{"line":18,"column":35}},"7":{"start":{"line":19,"column":0},"end":{"line":19,"column":17}},"8":{"start":{"line":20,"column":0},"end":{"line":20,"column":12}},"9":{"start":{"line":27,"column":0},"end":{"line":27,"column":11}},"10":{"start":{"line":28,"column":0},"end":{"line":28,"column":11}}},"fnMap":{"0":{"name":"getUsers","decl":{"start":{"line":11,"column":16},"end":{"line":11,"column":24}},"loc":{"start":{"line":11,"column":24},"end":{"line":13,"column":1}}},"1":{"name":"createUser","decl":{"start":{"line":17,"column":16},"end":{"line":17,"column":26}},"loc":{"start":{"line":17,"column":39},"end":{"line":21,"column":1}}},"2":{"name":"resetStore","decl":{"start":{"line":26,"column":16},"end":{"line":26,"column":26}},"loc":{"start":{"line":26,"column":26},"end":{"line":29,"column":1}}}},"branchMap":{},"s":{"0":2,"1":2,"2":2,"3":2,"4":2,"5":4,"6":7,"7":7,"8":7,"9":7,"10":7},"f":{"0":4,"1":7,"2":7},"b":{}}
}
