TN:
SF:__tests__/fixtures.ts
FNF:0
FNH:0
DA:3,1
DA:4,1
DA:6,1
LF:3
LH:3
BRF:0
BRH:0
end_of_record
TN:
SF:src/externalApi.ts
FN:3,fetchUserData
FNF:1
FNH:0
FNDA:0,fetchUserData
DA:3,1
DA:6,0
LF:2
LH:1
BRF:0
BRH:0
end_of_record
TN:
SF:src/server.ts
FN:14,(anonymous_1)
FN:15,(anonymous_2)
FNF:2
FNH:2
FNDA:1,(anonymous_1)
FNDA:1,(anonymous_2)
DA:1,3
DA:2,3
DA:5,3
DA:8,3
DA:11,3
DA:14,3
DA:15,1
DA:16,1
DA:21,3
DA:22,0
LF:10
LH:9
BRDA:14,0,0,0
BRDA:21,1,0,0
BRF:2
BRH:0
end_of_record
TN:
SF:src/users.ts
FN:7,(anonymous_0)
FN:12,(anonymous_1)
FN:22,(anonymous_2)
FN:30,(anonymous_3)
FNF:4
FNH:4
FNDA:4,(anonymous_0)
FNDA:9,(anonymous_1)
FNDA:3,(anonymous_2)
FNDA:3,(anonymous_3)
DA:1,3
DA:2,3
DA:4,3
DA:7,3
DA:8,4
DA:12,3
DA:13,9
DA:14,9
DA:15,2
DA:17,7
DA:18,7
DA:22,3
DA:23,3
DA:24,3
DA:25,3
DA:26,2
DA:30,3
DA:31,3
DA:32,3
DA:33,3
DA:34,2
DA:35,2
DA:36,1
DA:39,3
LF:24
LH:24
BRDA:14,0,0,2
BRDA:25,1,0,1
BRDA:33,2,0,1
BRDA:35,3,0,1
BRF:4
BRH:4
end_of_record
TN:
SF:src/usersStore.ts
FN:11,getUsers
FN:17,createUser
FN:26,resetStore
FN:31,getUserById
FN:32,(anonymous_4)
FN:34,updateUserName
FNF:6
FNH:6
FNDA:4,getUsers
FNDA:19,createUser
FNDA:13,resetStore
FNDA:5,getUserById
FNDA:9,(anonymous_4)
FNDA:2,updateUserName
DA:6,3
DA:7,3
DA:11,3
DA:12,4
DA:17,3
DA:18,19
DA:19,19
DA:20,19
DA:26,3
DA:27,13
DA:28,13
DA:31,3
DA:32,9
DA:34,3
DA:35,2
DA:36,2
DA:38,1
DA:40,2
LF:18
LH:18
BRDA:36,0,0,1
BRF:1
BRH:1
end_of_record
