TN:
SF:src/server.ts
FN:14,(anonymous_1)
FN:21,(anonymous_2)
FNF:2
FNH:2
FNDA:1,(anonymous_1)
FNDA:1,(anonymous_2)
DA:1,2
DA:2,2
DA:5,2
DA:8,2
DA:11,2
DA:14,2
DA:16,1
DA:21,1
DA:22,1
LF:9
LH:9
BRDA:16,0,0,0
BRDA:16,0,1,1
BRDA:17,1,0,0
BRDA:17,1,1,0
BRDA:18,2,0,0
BRDA:18,2,1,1
BRF:6
BRH:2
end_of_record
TN:
SF:src/users.ts
FN:11,(anonymous_0)
FN:20,(anonymous_1)
FNF:2
FNH:2
FNDA:4,(anonymous_0)
FNDA:9,(anonymous_1)
DA:2,2
DA:3,2
DA:5,2
DA:11,2
DA:12,4
DA:20,2
DA:21,9
DA:22,9
DA:23,2
DA:25,7
DA:26,7
DA:29,2
LF:12
LH:12
BRDA:22,0,0,2
BRF:1
BRH:1
end_of_record
TN:
SF:src/usersStore.ts
FN:11,getUsers
FN:17,createUser
FN:26,resetStore
FNF:3
FNH:3
FNDA:4,getUsers
FNDA:7,createUser
FNDA:7,resetStore
DA:6,2
DA:7,2
DA:11,2
DA:12,4
DA:17,2
DA:18,7
DA:19,7
DA:20,7
DA:26,2
DA:27,7
DA:28,7
LF:11
LH:11
BRF:0
BRH:0
end_of_record
